\BOOKMARK [0][-]{part.1}{\376\377\000I\000\040\137\025\212\000}{}% 1
\BOOKMARK [0][-]{part.2}{\376\377\000I\000I\000\040\137\256\122\006\121\340\117\125}{}% 2
\BOOKMARK [1][-]{section.1}{\376\377\127\120\150\007\174\373}{part.2}% 3
\BOOKMARK [2][-]{subsection.1.1}{\376\377\166\364\211\322\127\120\150\007\174\373}{section.1}% 4
\BOOKMARK [2][-]{subsection.1.2}{\376\377\147\361\127\120\150\007\174\373}{section.1}% 5
\BOOKMARK [2][-]{subsection.1.3}{\376\377\164\003\127\120\150\007\174\373}{section.1}% 6
\BOOKMARK [1][-]{section.2}{\376\377\165\061\134\100\220\350\127\120\150\007\174\373\213\361\133\374\166\204\176\277\140\047\172\172\225\364}{part.2}% 7
\BOOKMARK [2][-]{subsection.2.1}{\376\377\122\007\172\172\225\364}{section.2}% 8
\BOOKMARK [2][-]{subsection.2.2}{\376\377\117\131\122\007\172\172\225\364}{section.2}% 9
\BOOKMARK [1][-]{section.3}{\376\377\116\300\116\110\146\057\127\072}{part.2}% 10
\BOOKMARK [1][-]{section.4}{\376\377\155\101\137\142}{part.2}% 11
\BOOKMARK [2][-]{subsection.4.1}{\376\377\000R\000i\000e\000m\000a\000n\000n\000i\000a\000n\155\101\137\142}{section.4}% 12
\BOOKMARK [1][-]{section.5}{\376\377\200\124\176\334}{part.2}% 13
\BOOKMARK [2][-]{subsection.5.1}{\376\377\116\377\134\004\200\124\176\334}{section.5}% 14
\BOOKMARK [2][-]{subsection.5.2}{\376\377\000R\000i\000e\000m\000a\000n\000n\000i\000a\000n\155\101\137\142\116\012\166\204\133\271\213\270\200\124\176\334}{section.5}% 15
\BOOKMARK [0][-]{part.3}{\376\377\000I\000I\000I\000\040\122\006\147\220\122\233\133\146}{}% 16
\BOOKMARK [1][-]{section.6}{\376\377\000L\000a\000g\000r\000a\000n\000g\000e\122\233\133\146}{part.3}% 17
\BOOKMARK [2][-]{subsection.6.1}{\376\377\147\000\134\017\117\134\165\050\221\317\123\237\164\006}{section.6}% 18
\BOOKMARK [1][-]{section.7}{\376\377\000H\000a\000m\000i\000l\000t\000o\000n\122\233\133\146}{part.3}% 19
\BOOKMARK [2][-]{subsection.7.1}{\376\377\000H\000a\000m\000i\000l\000t\000o\000n\145\271\172\013}{section.7}% 20
\BOOKMARK [2][-]{subsection.7.2}{\376\377\000P\000o\000i\000s\000s\000o\000n\142\354\123\367}{section.7}% 21
\BOOKMARK [2][-]{subsection.7.3}{\376\377\000N\000o\000e\000t\000h\000e\000r\133\232\164\006}{section.7}% 22
\BOOKMARK [0][-]{part.4}{\376\377\000I\000V\000\040\136\177\116\111\166\370\133\371\213\272}{}% 23
\BOOKMARK [1][-]{section.8}{\376\377\137\025\122\233\127\072\145\271\172\013}{part.4}% 24
\BOOKMARK [2][-]{subsection.8.1}{\376\377\000E\000i\000n\000s\000t\000e\000i\000n\000-\000H\000i\000l\000b\000e\000r\000t\117\134\165\050\221\317}{section.8}% 25
\BOOKMARK [1][-]{section.9}{\376\377\137\025\122\233\127\072\145\271\172\013\166\204\174\276\170\156\211\343}{part.4}% 26
\BOOKMARK [2][-]{subsection.9.1}{\376\377\167\037\172\172\227\131\140\001\164\003\133\371\171\360\145\366\172\172\166\204\137\025\122\233\127\072\145\271\172\013}{section.9}% 27
\BOOKMARK [3][-]{subsubsection.9.1.1}{\376\377\000S\000c\000h\000w\000a\000r\000z\000s\000c\000h\000i\000l\000d\211\343}{subsection.9.1}% 28
\BOOKMARK [3][-]{subsubsection.9.1.2}{\376\377\000S\000c\000h\000w\000a\000r\000z\000s\000c\000h\000i\000l\000d\000-\000d\000e\000\040\000S\000i\000t\000t\000e\000r\211\343}{subsection.9.1}% 29
\BOOKMARK [0][-]{part.5}{\376\377\000V\000\040\221\317\133\120\127\072\213\272}{}% 30
\BOOKMARK [1][-]{section.10}{\376\377\221\317\133\120\122\233\133\146}{part.5}% 31
\BOOKMARK [2][-]{subsection.10.1}{\376\377\176\330\146\157}{section.10}% 32
\BOOKMARK [0][-]{part.6}{\376\377\000V\000I\000\040\226\104\137\125}{}% 33
\BOOKMARK [1][-]{section.11}{\376\377\136\070\211\301\162\151\164\006\221\317\166\204\123\125\117\115\143\142\173\227\121\163\174\373}{part.6}% 34
\BOOKMARK [1][-]{section.12}{\376\377\000n\176\364\164\003\166\204\117\123\171\357\116\016\210\150\227\142\171\357}{part.6}% 35
